[15:10:22] [main/INFO]: Environment: authHost='https://authserver.mojang.com', accountsHost='https://api.mojang.com', sessionHost='https://sessionserver.mojang.com', servicesHost='https://api.minecraftservices.com', name='PROD'
[15:10:22] [main/INFO]: Reloading ResourceManager: Default, bukkit
[15:10:23] [Worker-Main-1/INFO]: Loaded 7 recipes
[15:10:24] [Server thread/INFO]: Starting minecraft server version 1.17.1
[15:10:24] [Server thread/INFO]: Loading properties
[15:10:24] [Server thread/INFO]: This server is running Purpur version git-Purpur-1428 (MC: 1.17.1) (Implementing API version 1.17.1-R0.1-SNAPSHOT) (Git: 9beb23b on ver/1.17.1)
[15:10:24] [Server thread/INFO]: Server Ping Player Sample Count: 12
[15:10:24] [Server thread/INFO]: Using 4 threads for Netty based IO
[15:10:25] [Server thread/INFO]: Default game type: SURVIVAL
[15:10:25] [Server thread/INFO]: Generating keypair
[15:10:25] [Server thread/INFO]: Starting Minecraft server on *:25565
[15:10:25] [Server thread/INFO]: Using epoll channel type
[15:10:25] [Server thread/INFO]: Paper: Using libdeflate (Linux x86_64) compression from Velocity.
[15:10:25] [Server thread/INFO]: Paper: Using OpenSSL 1.1.x (Linux x86_64) cipher from Velocity.
[15:10:25] [Server thread/INFO]: [ViaVersion] Loading ViaVersion v4.9.3
[15:10:25] [Server thread/INFO]: [ViaVersion] ViaVersion 4.9.3 is now loaded. Registering protocol transformers and injecting...
[15:10:26] [Via-Mappingloader-0/INFO]: [ViaVersion] Loading block connection mappings ...
[15:10:26] [Server thread/INFO]: [ViaBackwards] Loading translations...
[15:10:26] [Server thread/INFO]: [ViaBackwards] Registering protocols...
[15:10:26] [Via-Mappingloader-0/INFO]: [ViaVersion] Using FastUtil Long2ObjectOpenHashMap for block connections
[15:10:27] [Server thread/INFO]: [ViaBackwards] Loading ViaBackwards v4.9.2
[15:10:27] [Server thread/INFO]: [ViaRewind] Loading ViaRewind v3.0.6
[15:10:27] [Server thread/INFO]: [ViaRewind-Legacy-Support] Loading ViaRewind-Legacy-Support v1.4.2
[15:10:27] [Server thread/INFO]: Server permissions file permissions.yml is empty, ignoring it
[15:10:27] [Server thread/INFO]: [ViaRewind] Enabling ViaRewind v3.0.6
[15:10:27] [Server thread/WARN]: **** SERVER IS RUNNING IN OFFLINE/INSECURE MODE!
[15:10:27] [Server thread/WARN]: The server will make no attempt to authenticate usernames. Beware.
[15:10:27] [Server thread/WARN]: Whilst this makes it possible to use BungeeCord or Velocity, unless access to your server is properly restricted, it also opens up the ability for hackers to connect with any username they choose.
[15:10:27] [Server thread/WARN]: Please see http://www.spigotmc.org/wiki/firewall-guide/ for further information.
[15:10:27] [Server thread/WARN]: To change this, set "online-mode" to "true" in the server.properties file.
[15:10:27] [Server thread/INFO]: Preparing level "world"
[15:10:27] [Server thread/INFO]: Preparing start region for dimension minecraft:overworld
[15:10:28] [Server thread/INFO]: Time elapsed: 300 ms
[15:10:28] [Server thread/INFO]: Preparing start region for dimension minecraft:the_nether
[15:10:28] [Server thread/INFO]: Time elapsed: 234 ms
[15:10:28] [Server thread/INFO]: Preparing start region for dimension minecraft:the_end
[15:10:28] [Server thread/INFO]: Time elapsed: 120 ms
[15:10:28] [Server thread/INFO]: [ViaVersion] Enabling ViaVersion v4.9.3
[15:10:28] [Server thread/INFO]: [ViaVersion] ViaVersion detected server version: 1.17.1 (756)
[15:10:28] [Server thread/INFO]: [ViaBackwards] Enabling ViaBackwards v4.9.2
[15:10:28] [Server thread/INFO]: [ViaRewind-Legacy-Support] Enabling ViaRewind-Legacy-Support v1.4.2
[15:10:28] [Server thread/INFO]: Running delayed init tasks
[15:10:28] [Craft Scheduler Thread - 2 - ViaVersion/INFO]: [ViaVersion] Finished mapping loading, shutting down loader executor!
[15:10:28] [Server thread/INFO]: Done (4.301s)! For help, type "help"
[15:10:28] [Server thread/INFO]: Timings Reset
[15:10:29] [Server thread/WARN]: [ViaVersion] There is a newer plugin version available: 4.10.2, you're on: 4.9.3
[15:10:30] [Server thread/WARN]: UUID of added entity already exists: EntitySheep['Sheep'/12, uuid='f5cb93f2-0780-4582-98bd-5bce375be7b1', l='ServerLevel[world]', x=-242.69, y=77.00, z=33.74, cpos=[-16, 2], tl=246157, v=false, rR=null]
[15:10:30] [Server thread/WARN]: UUID of added entity already exists: EntitySheep['Sheep'/15, uuid='f5cb93f2-0780-4582-98bd-5bce375be7b1', l='ServerLevel[world]', x=-231.45, y=73.00, z=39.68, cpos=[-15, 2], tl=306157, v=false, rR=null]
[15:10:31] [Server thread/WARN]: UUID of added entity already exists: EntityPig['Pig'/41, uuid='b6b2beba-3cad-43ee-9411-ed7c47e64f6f', l='ServerLevel[world]', x=-191.50, y=85.00, z=85.12, cpos=[-12, 5], tl=95622, v=false, rR=null]
[15:10:31] [Server thread/WARN]: UUID of added entity already exists: EntityPig['Pig'/83, uuid='ec4ff464-7b1f-430a-95d0-9362e12e4b3a', l='ServerLevel[world]', x=-108.50, y=86.00, z=28.83, cpos=[-7, 1], tl=79953, v=false, rR=null]
[15:10:32] [Server thread/WARN]: UUID of added entity already exists: EntitySheep['Sheep'/142, uuid='4aa7e47a-db5c-4d8b-b30b-b599b64992b8', l='ServerLevel[world]', x=-9.25, y=77.00, z=-12.49, cpos=[-1, -1], tl=358216, v=false, rR=null]
[15:10:32] [Server thread/WARN]: UUID of added entity already exists: EntitySheep['Sheep'/156, uuid='5307818b-1ae0-48eb-a96c-42d2114140ff', l='ServerLevel[world]', x=7.23, y=64.00, z=127.26, cpos=[0, 7], tl=515460, v=false, rR=null]
[15:10:32] [Server thread/WARN]: UUID of added entity already exists: EntitySheep['Sheep'/157, uuid='5307818b-1ae0-48eb-a96c-42d2114140ff', l='ServerLevel[world]', x=11.03, y=64.00, z=134.97, cpos=[0, 8], tl=575461, v=false, rR=null]
[15:10:33] [Server thread/WARN]: UUID of added entity already exists: EntityChicken['Chicken'/166, uuid='18a37b42-a4cf-46b6-9930-254fa15fb2c3', l='ServerLevel[world]', x=32.12, y=80.00, z=45.76, cpos=[2, 2], tl=107282, v=false, rR=null]
[15:10:34] [Server thread/WARN]: UUID of added entity already exists: EntitySheep['Sheep'/193, uuid='55caa8e8-35c3-448e-8686-a9bc169e069d', l='ServerLevel[world]', x=-264.16, y=72.00, z=11.17, cpos=[-17, 0], tl=558071, v=false, rR=null]
[15:46:39] [User Authenticator #1/INFO]: UUID of player WalkingPillow5 is 325bd853-eb49-3b02-b111-e4ff797915ca
[15:46:39] [Server thread/INFO]: WalkingPillow5 joined the game
[15:46:39] [Server thread/INFO]: WalkingPillow5[/[0:0:0:0:0:0:0:1]:37558] logged in with entity id 248 at ([world]-112.5, 81.0, 12.5)
[15:46:39] [Server thread/WARN]: UUID of added entity already exists: EntityChicken['Chicken'/257, uuid='b818d2f8-e7fd-4b88-ae85-6cc564f03844', l='ServerLevel[world]', x=-143.34, y=66.00, z=-172.19, cpos=[-9, -11], tl=46305, v=false, rR=null]
[15:46:39] [Server thread/WARN]: UUID of added entity already exists: EntityChicken['Chicken'/258, uuid='16062baf-b5c1-4bc9-9fdb-2ae3363b94f3', l='ServerLevel[world]', x=-127.61, y=66.00, z=-161.94, cpos=[-8, -11], tl=38243, v=false, rR=null]
[15:46:39] [Server thread/WARN]: UUID of added entity already exists: EntityChicken['Chicken'/275, uuid='3675e505-b4ae-4fa6-bf9c-ea584ce3d599', l='ServerLevel[world]', x=-191.52, y=70.00, z=-169.43, cpos=[-12, -11], tl=43933, v=false, rR=null]
[15:46:39] [Server thread/WARN]: UUID of added entity already exists: EntityChicken['Chicken'/288, uuid='66212872-c377-41bf-ade0-1c60bb19d139', l='ServerLevel[world]', x=-183.52, y=71.00, z=-185.15, cpos=[-12, -12], tl=40632, v=false, rR=null]
[15:46:39] [Netty Epoll Server IO #1/WARN]: [ViaBackwards] Ignoring plugin channel in incoming REGISTER: EAG|UpdateCert-1.8
[15:46:39] [Netty Epoll Server IO #1/WARN]: [ViaBackwards] Ignoring plugin channel in incoming REGISTER: FML
[15:46:39] [Netty Epoll Server IO #1/WARN]: [ViaBackwards] Ignoring plugin channel in incoming REGISTER: EAG|Skins-1.8
[15:46:39] [Netty Epoll Server IO #1/WARN]: [ViaBackwards] Ignoring plugin channel in incoming REGISTER: FORGE
[15:46:43] [Server thread/INFO]: WalkingPillow5 lost connection: Disconnected
[15:46:43] [Server thread/INFO]: WalkingPillow5 left the game
[15:46:57] [User Authenticator #1/INFO]: UUID of player WalkingPillow4 is 93706ec2-c814-36b2-9e5c-8c8834e78be4
[15:46:57] [Server thread/INFO]: WalkingPillow4 joined the game
[15:46:57] [Server thread/INFO]: WalkingPillow4[/[0:0:0:0:0:0:0:1]:51582] logged in with entity id 308 at ([world]-77.38579377738652, 74.0, -4.704340233560948)
[15:46:57] [Netty Epoll Server IO #2/WARN]: [ViaBackwards] Ignoring plugin channel in incoming REGISTER: EAG|UpdateCert-1.8
[15:46:57] [Netty Epoll Server IO #2/WARN]: [ViaBackwards] Ignoring plugin channel in incoming REGISTER: FML
[15:46:57] [Netty Epoll Server IO #2/WARN]: [ViaBackwards] Ignoring plugin channel in incoming REGISTER: EAG|Skins-1.8
[15:46:57] [Netty Epoll Server IO #2/WARN]: [ViaBackwards] Ignoring plugin channel in incoming REGISTER: FORGE
[15:50:34] [Server thread/INFO]: Removed 509 items from player WalkingPillow4
[15:50:37] [Server thread/INFO]: WalkingPillow4 was slain by Zombie
[15:50:40] [Server thread/INFO]: Killed WalkingPillow4
[15:50:51] [Server thread/INFO]: WalkingPillow4 lost connection: Disconnected
[15:50:51] [Server thread/INFO]: WalkingPillow4 left the game
